#
# There is insufficient memory for the Java Runtime Environment to continue.
# Native memory allocation (malloc) failed to allocate 1851008 bytes for Chunk::new
# Possible reasons:
#   The system is out of physical RAM or swap space
#   The process is running with CompressedOops enabled, and the Java Heap may be blocking the growth of the native heap
# Possible solutions:
#   Reduce memory load on the system
#   Increase physical memory or swap space
#   Check if swap backing store is full
#   Decrease Java heap size (-Xmx/-Xms)
#   Decrease number of Java threads
#   Decrease Java thread stack sizes (-Xss)
#   Set larger code cache with -XX:ReservedCodeCacheSize=
#   JVM is running with Unscaled Compressed Oops mode in which the Java heap is
#     placed in the first 4GB address space. The Java Heap base address is the
#     maximum limit for the native heap growth. Please use -XX:HeapBaseMinAddress
#     to set the Java Heap base and to place the Java Heap above 4GB virtual address.
# This output file may be truncated or incomplete.
#
#  Out of Memory Error (arena.cpp:184), pid=16336, tid=4948
#
# JRE version: Java(TM) SE Runtime Environment (20.0.2+9) (build 20.0.2+9-78)
# Java VM: Java HotSpot(TM) 64-Bit Server VM (20.0.2+9-78, mixed mode, sharing, tiered, compressed oops, compressed class ptrs, g1 gc, windows-amd64)
# No core dump will be written. Minidumps are not enabled by default on client versions of Windows
#

---------------  S U M M A R Y ------------

Command Line: -ea -Didea.test.cyclic.buffer.size=1048576 -javaagent:C:\Program Files\JetBrains\IntelliJ IDEA 2024.1\lib\idea_rt.jar=61285:C:\Program Files\JetBrains\IntelliJ IDEA 2024.1\bin -Dfile.encoding=UTF-8 -Dsun.stdout.encoding=UTF-8 -Dsun.stderr.encoding=UTF-8 com.intellij.rt.junit.JUnitStarter -ideVersion5 -junit5 @w@C:\Users\mbeng\AppData\Local\Temp\idea_working_dirs_junit.tmp @C:\Users\mbeng\AppData\Local\Temp\idea_junit.tmp -socket61284

Host: 11th Gen Intel(R) Core(TM) i3-1115G4 @ 3.00GHz, 4 cores, 3G,  Windows 11 , 64 bit Build 22621 (10.0.22621.3235)
Time: Wed Apr 10 00:56:44 2024 South Africa Standard Time elapsed time: 4.229097 seconds (0d 0h 0m 4s)

---------------  T H R E A D  ---------------

Current thread (0x000001effb613020):  JavaThread "C2 CompilerThread0" daemon [_thread_in_native, id=4948, stack(0x000000580d900000,0x000000580da00000)]


Current CompileTask:
C2:   4229 2394   !   4       jdk.internal.loader.BuiltinClassLoader::loadClassOrNull (143 bytes)

Stack: [0x000000580d900000,0x000000580da00000]
Native frames: (J=compiled Java code, j=interpreted, Vv=VM code, C=native code)
V  [jvm.dll+0x6bc25a]
V  [jvm.dll+0x84971a]
V  [jvm.dll+0x84b315]
V  [jvm.dll+0x84ba13]
V  [jvm.dll+0x280e4f]
V  [jvm.dll+0xc2ab1]
V  [jvm.dll+0xc2dd5]
V  [jvm.dll+0x3bb64c]
V  [jvm.dll+0x385b75]
V  [jvm.dll+0x384fea]
V  [jvm.dll+0x24b529]
V  [jvm.dll+0x24a921]
V  [jvm.dll+0x1ce761]
V  [jvm.dll+0x25a0eb]
V  [jvm.dll+0x2587c0]
V  [jvm.dll+0x3f2dd5]
V  [jvm.dll+0x7f5c76]
V  [jvm.dll+0x6baecb]
C  [ucrtbase.dll+0x29363]
C  [KERNEL32.DLL+0x1257d]
C  [ntdll.dll+0x5aa58]


---------------  P R O C E S S  ---------------

Threads class SMR info:
_java_thread_list=0x000001efd1113ff0, length=13, elements={
0x000001efefbb4b80, 0x000001effb600530, 0x000001effb6015c0, 0x000001effb6040e0,
0x000001effb605ec0, 0x000001effb60aa30, 0x000001effb608a50, 0x000001effb613020,
0x000001effb61e5e0, 0x000001effb60af80, 0x000001effb608fa0, 0x000001effb609f90,
0x000001effb60bf70
}

Java Threads: ( => current thread )
  0x000001efefbb4b80 JavaThread "main" [_thread_in_Java, id=1800, stack(0x000000580cc00000,0x000000580cd00000)]
  0x000001effb600530 JavaThread "Reference Handler" daemon [_thread_blocked, id=2960, stack(0x000000580d300000,0x000000580d400000)]
  0x000001effb6015c0 JavaThread "Finalizer" daemon [_thread_blocked, id=7596, stack(0x000000580d400000,0x000000580d500000)]
  0x000001effb6040e0 JavaThread "Signal Dispatcher" daemon [_thread_blocked, id=19472, stack(0x000000580d500000,0x000000580d600000)]
  0x000001effb605ec0 JavaThread "Attach Listener" daemon [_thread_blocked, id=24248, stack(0x000000580d600000,0x000000580d700000)]
  0x000001effb60aa30 JavaThread "Service Thread" daemon [_thread_blocked, id=24528, stack(0x000000580d700000,0x000000580d800000)]
  0x000001effb608a50 JavaThread "Monitor Deflation Thread" daemon [_thread_blocked, id=22652, stack(0x000000580d800000,0x000000580d900000)]
=>0x000001effb613020 JavaThread "C2 CompilerThread0" daemon [_thread_in_native, id=4948, stack(0x000000580d900000,0x000000580da00000)]
  0x000001effb61e5e0 JavaThread "C1 CompilerThread0" daemon [_thread_in_vm, id=16008, stack(0x000000580da00000,0x000000580db00000)]
  0x000001effb60af80 JavaThread "Common-Cleaner" daemon [_thread_blocked, id=25476, stack(0x000000580db00000,0x000000580dc00000)]
  0x000001effb608fa0 JavaThread "Monitor Ctrl-Break" daemon [_thread_in_native, id=1272, stack(0x000000580dc00000,0x000000580dd00000)]
  0x000001effb609f90 JavaThread "Notification Thread" daemon [_thread_blocked, id=1632, stack(0x000000580dd00000,0x000000580de00000)]
  0x000001effb60bf70 JavaThread "background-preinit" [_thread_in_vm, id=1796, stack(0x000000580e200000,0x000000580e300000)]

Other Threads:
  0x000001effb5e5950 VMThread "VM Thread" [stack: 0x000000580d200000,0x000000580d300000] [id=21508]
  0x000001efefbb59b0 WatcherThread "VM Periodic Task Thread" [stack: 0x000000580de00000,0x000000580df00000] [id=18720]
  0x000001efefbf5460 WorkerThread "GC Thread#0" [stack: 0x000000580cd00000,0x000000580ce00000] [id=25300]
  0x000001efd02e4f20 WorkerThread "GC Thread#1" [stack: 0x000000580df00000,0x000000580e000000] [id=23964]
  0x000001efd0353f20 WorkerThread "GC Thread#2" [stack: 0x000000580e000000,0x000000580e100000] [id=12456]
  0x000001efd0358200 WorkerThread "GC Thread#3" [stack: 0x000000580e100000,0x000000580e200000] [id=9892]
  0x000001efefbfde50 ConcurrentGCThread "G1 Main Marker" [stack: 0x000000580ce00000,0x000000580cf00000] [id=9808]
  0x000001efefbfe880 WorkerThread "G1 Conc#0" [stack: 0x000000580cf00000,0x000000580d000000] [id=1708]
  0x000001efefc4bea0 ConcurrentGCThread "G1 Refine#0" [stack: 0x000000580d000000,0x000000580d100000] [id=15972]
  0x000001efefc4c940 ConcurrentGCThread "G1 Service" [stack: 0x000000580d100000,0x000000580d200000] [id=9584]

Threads with active compile tasks:
C2 CompilerThread0     4260 2394   !   4       jdk.internal.loader.BuiltinClassLoader::loadClassOrNull (143 bytes)
C1 CompilerThread0     4260 2569       3       org.springframework.util.ClassUtils::resolvePrimitiveIfNecessary (37 bytes)

VM state: not at safepoint (normal execution)

VM Mutex/Monitor currently owned by a thread: None

Heap address: 0x00000000c3600000, size: 970 MB, Compressed Oops mode: 32-bit

CDS archive(s) mapped at: [0x000001ef8f000000-0x000001ef8fc60000-0x000001ef8fc60000), size 12976128, SharedBaseAddress: 0x000001ef8f000000, ArchiveRelocationMode: 1.
Compressed class space mapped at: 0x000001ef90000000-0x000001efd0000000, reserved size: 1073741824
Narrow klass base: 0x000001ef8f000000, Narrow klass shift: 0, Narrow klass range: 0x100000000

GC Precious Log:
 CardTable entry size: 512
 Card Set container configuration: InlinePtr #cards 5 size 8 Array Of Cards #cards 12 size 40 Howl #buckets 4 coarsen threshold 1843 Howl Bitmap #cards 512 size 80 coarsen threshold 460 Card regions per heap region 1 cards per card region 2048
 CPUs: 4 total, 4 available
 Memory: 3879M
 Large Page Support: Disabled
 NUMA Support: Disabled
 Compressed Oops: Enabled (32-bit)
 Heap Region Size: 1M
 Heap Min Capacity: 8M
 Heap Initial Capacity: 62M
 Heap Max Capacity: 970M
 Pre-touch: Disabled
 Parallel Workers: 4
 Concurrent Workers: 1
 Concurrent Refinement Workers: 4
 Periodic GC: Disabled

Heap:
 garbage-first heap   total 51200K, used 14809K [0x00000000c3600000, 0x0000000100000000)
  region size 1024K, 3 young (3072K), 1 survivors (1024K)
 Metaspace       used 21383K, committed 21696K, reserved 1114112K
  class space    used 2697K, committed 2880K, reserved 1048576K

Heap Regions: E=young(eden), S=young(survivor), O=old, HS=humongous(starts), HC=humongous(continues), CS=collection set, F=free, OA=open archive, CA=closed archive, TAMS=top-at-mark-start, PB=parsable bottom
|   0|0x00000000c3600000, 0x00000000c3700000, 0x00000000c3700000|100%|HS|  |TAMS 0x00000000c3600000| PB 0x00000000c3600000| Complete 
|   1|0x00000000c3700000, 0x00000000c3800000, 0x00000000c3800000|100%| O|  |TAMS 0x00000000c3700000| PB 0x00000000c3700000| Untracked 
|   2|0x00000000c3800000, 0x00000000c3900000, 0x00000000c3900000|100%| O|  |TAMS 0x00000000c3800000| PB 0x00000000c3800000| Untracked 
|   3|0x00000000c3900000, 0x00000000c3a00000, 0x00000000c3a00000|100%| O|  |TAMS 0x00000000c3900000| PB 0x00000000c3900000| Untracked 
|   4|0x00000000c3a00000, 0x00000000c3b00000, 0x00000000c3b00000|100%| O|  |TAMS 0x00000000c3a00000| PB 0x00000000c3a00000| Untracked 
|   5|0x00000000c3b00000, 0x00000000c3c00000, 0x00000000c3c00000|100%| O|  |TAMS 0x00000000c3b00000| PB 0x00000000c3b00000| Untracked 
|   6|0x00000000c3c00000, 0x00000000c3d00000, 0x00000000c3d00000|100%| O|  |TAMS 0x00000000c3c00000| PB 0x00000000c3c00000| Untracked 
|   7|0x00000000c3d00000, 0x00000000c3e00000, 0x00000000c3e00000|100%| O|  |TAMS 0x00000000c3d00000| PB 0x00000000c3d00000| Untracked 
|   8|0x00000000c3e00000, 0x00000000c3f00000, 0x00000000c3f00000|100%| O|  |TAMS 0x00000000c3e00000| PB 0x00000000c3e00000| Untracked 
|   9|0x00000000c3f00000, 0x00000000c4000000, 0x00000000c4000000|100%| O|  |TAMS 0x00000000c3f00000| PB 0x00000000c3f00000| Untracked 
|  10|0x00000000c4000000, 0x00000000c4100000, 0x00000000c4100000|100%| O|  |TAMS 0x00000000c4000000| PB 0x00000000c4000000| Untracked 
|  11|0x00000000c4100000, 0x00000000c4200000, 0x00000000c4200000|100%| O|  |TAMS 0x00000000c4100000| PB 0x00000000c4100000| Untracked 
|  12|0x00000000c4200000, 0x00000000c42a0200, 0x00000000c4300000| 62%| O|  |TAMS 0x00000000c4200000| PB 0x00000000c4200000| Complete 
|  13|0x00000000c4300000, 0x00000000c4300000, 0x00000000c4400000|  0%| F|  |TAMS 0x00000000c4300000| PB 0x00000000c4300000| Untracked 
|  14|0x00000000c4400000, 0x00000000c4400000, 0x00000000c4500000|  0%| F|  |TAMS 0x00000000c4400000| PB 0x00000000c4400000| Untracked 
|  15|0x00000000c4500000, 0x00000000c4500000, 0x00000000c4600000|  0%| F|  |TAMS 0x00000000c4500000| PB 0x00000000c4500000| Untracked 
|  16|0x00000000c4600000, 0x00000000c4600000, 0x00000000c4700000|  0%| F|  |TAMS 0x00000000c4600000| PB 0x00000000c4600000| Untracked 
|  17|0x00000000c4700000, 0x00000000c4700000, 0x00000000c4800000|  0%| F|  |TAMS 0x00000000c4700000| PB 0x00000000c4700000| Untracked 
|  18|0x00000000c4800000, 0x00000000c4800000, 0x00000000c4900000|  0%| F|  |TAMS 0x00000000c4800000| PB 0x00000000c4800000| Untracked 
|  19|0x00000000c4900000, 0x00000000c4900000, 0x00000000c4a00000|  0%| F|  |TAMS 0x00000000c4900000| PB 0x00000000c4900000| Untracked 
|  20|0x00000000c4a00000, 0x00000000c4a00000, 0x00000000c4b00000|  0%| F|  |TAMS 0x00000000c4a00000| PB 0x00000000c4a00000| Untracked 
|  21|0x00000000c4b00000, 0x00000000c4b00000, 0x00000000c4c00000|  0%| F|  |TAMS 0x00000000c4b00000| PB 0x00000000c4b00000| Untracked 
|  22|0x00000000c4c00000, 0x00000000c4c00000, 0x00000000c4d00000|  0%| F|  |TAMS 0x00000000c4c00000| PB 0x00000000c4c00000| Untracked 
|  23|0x00000000c4d00000, 0x00000000c4d00000, 0x00000000c4e00000|  0%| F|  |TAMS 0x00000000c4d00000| PB 0x00000000c4d00000| Untracked 
|  24|0x00000000c4e00000, 0x00000000c4e00000, 0x00000000c4f00000|  0%| F|  |TAMS 0x00000000c4e00000| PB 0x00000000c4e00000| Untracked 
|  25|0x00000000c4f00000, 0x00000000c4f00000, 0x00000000c5000000|  0%| F|  |TAMS 0x00000000c4f00000| PB 0x00000000c4f00000| Untracked 
|  26|0x00000000c5000000, 0x00000000c5000000, 0x00000000c5100000|  0%| F|  |TAMS 0x00000000c5000000| PB 0x00000000c5000000| Untracked 
|  27|0x00000000c5100000, 0x00000000c5100000, 0x00000000c5200000|  0%| F|  |TAMS 0x00000000c5100000| PB 0x00000000c5100000| Untracked 
|  28|0x00000000c5200000, 0x00000000c5200000, 0x00000000c5300000|  0%| F|  |TAMS 0x00000000c5200000| PB 0x00000000c5200000| Untracked 
|  29|0x00000000c5300000, 0x00000000c5300000, 0x00000000c5400000|  0%| F|  |TAMS 0x00000000c5300000| PB 0x00000000c5300000| Untracked 
|  30|0x00000000c5400000, 0x00000000c5400000, 0x00000000c5500000|  0%| F|  |TAMS 0x00000000c5400000| PB 0x00000000c5400000| Untracked 
|  31|0x00000000c5500000, 0x00000000c5500000, 0x00000000c5600000|  0%| F|  |TAMS 0x00000000c5500000| PB 0x00000000c5500000| Untracked 
|  32|0x00000000c5600000, 0x00000000c5600000, 0x00000000c5700000|  0%| F|  |TAMS 0x00000000c5600000| PB 0x00000000c5600000| Untracked 
|  33|0x00000000c5700000, 0x00000000c5700000, 0x00000000c5800000|  0%| F|  |TAMS 0x00000000c5700000| PB 0x00000000c5700000| Untracked 
|  34|0x00000000c5800000, 0x00000000c5800000, 0x00000000c5900000|  0%| F|  |TAMS 0x00000000c5800000| PB 0x00000000c5800000| Untracked 
|  35|0x00000000c5900000, 0x00000000c5900000, 0x00000000c5a00000|  0%| F|  |TAMS 0x00000000c5900000| PB 0x00000000c5900000| Untracked 
|  36|0x00000000c5a00000, 0x00000000c5a00000, 0x00000000c5b00000|  0%| F|  |TAMS 0x00000000c5a00000| PB 0x00000000c5a00000| Untracked 
|  37|0x00000000c5b00000, 0x00000000c5b00000, 0x00000000c5c00000|  0%| F|  |TAMS 0x00000000c5b00000| PB 0x00000000c5b00000| Untracked 
|  38|0x00000000c5c00000, 0x00000000c5c00000, 0x00000000c5d00000|  0%| F|  |TAMS 0x00000000c5c00000| PB 0x00000000c5c00000| Untracked 
|  39|0x00000000c5d00000, 0x00000000c5d00000, 0x00000000c5e00000|  0%| F|  |TAMS 0x00000000c5d00000| PB 0x00000000c5d00000| Untracked 
|  40|0x00000000c5e00000, 0x00000000c5e00000, 0x00000000c5f00000|  0%| F|  |TAMS 0x00000000c5e00000| PB 0x00000000c5e00000| Untracked 
|  41|0x00000000c5f00000, 0x00000000c5f00000, 0x00000000c6000000|  0%| F|  |TAMS 0x00000000c5f00000| PB 0x00000000c5f00000| Untracked 
|  42|0x00000000c6000000, 0x00000000c6000000, 0x00000000c6100000|  0%| F|  |TAMS 0x00000000c6000000| PB 0x00000000c6000000| Untracked 
|  43|0x00000000c6100000, 0x00000000c6100000, 0x00000000c6200000|  0%| F|  |TAMS 0x00000000c6100000| PB 0x00000000c6100000| Untracked 
|  44|0x00000000c6200000, 0x00000000c6200000, 0x00000000c6300000|  0%| F|  |TAMS 0x00000000c6200000| PB 0x00000000c6200000| Untracked 
|  45|0x00000000c6300000, 0x00000000c6300000, 0x00000000c6400000|  0%| F|  |TAMS 0x00000000c6300000| PB 0x00000000c6300000| Untracked 
|  46|0x00000000c6400000, 0x00000000c6400000, 0x00000000c6500000|  0%| F|  |TAMS 0x00000000c6400000| PB 0x00000000c6400000| Untracked 
|  47|0x00000000c6500000, 0x00000000c6600000, 0x00000000c6600000|100%| E|  |TAMS 0x00000000c6500000| PB 0x00000000c6500000| Complete 
|  60|0x00000000c7200000, 0x00000000c72d62e0, 0x00000000c7300000| 83%| S|CS|TAMS 0x00000000c7200000| PB 0x00000000c7200000| Complete 
|  61|0x00000000c7300000, 0x00000000c7400000, 0x00000000c7400000|100%| E|CS|TAMS 0x00000000c7300000| PB 0x00000000c7300000| Complete 

Card table byte_map: [0x000001eff7e60000,0x000001eff8050000] _byte_map_base: 0x000001eff7845000

Marking Bits: (CMBitMap*) 0x000001efefbf5a90
 Bits: [0x000001eff8240000, 0x000001eff9168000)

Polling page: 0x000001efeda60000

Metaspace:

Usage:
  Non-class:     18.25 MB used.
      Class:      2.63 MB used.
       Both:     20.88 MB used.

Virtual space:
  Non-class space:       64.00 MB reserved,      18.38 MB ( 29%) committed,  1 nodes.
      Class space:        1.00 GB reserved,       2.81 MB ( <1%) committed,  1 nodes.
             Both:        1.06 GB reserved,      21.19 MB (  2%) committed. 

Chunk freelists:
   Non-Class:  704.00 KB
       Class:  1.05 MB
        Both:  1.73 MB

MaxMetaspaceSize: unlimited
CompressedClassSpaceSize: 1.00 GB
Initial GC threshold: 21.00 MB
Current GC threshold: 35.12 MB
CDS: on
MetaspaceReclaimPolicy: balanced
 - commit_granule_bytes: 65536.
 - commit_granule_words: 8192.
 - virtual_space_node_default_size: 8388608.
 - enlarge_chunks_in_place: 1.
 - new_chunks_are_fully_committed: 0.
 - uncommit_free_chunks: 1.
 - use_allocation_guard: 0.


Internal statistics:

num_allocs_failed_limit: 3.
num_arena_births: 300.
num_arena_deaths: 0.
num_vsnodes_births: 2.
num_vsnodes_deaths: 0.
num_space_committed: 339.
num_space_uncommitted: 0.
num_chunks_returned_to_freelist: 3.
num_chunks_taken_from_freelist: 1057.
num_chunk_merges: 3.
num_chunk_splits: 712.
num_chunks_enlarged: 507.
num_inconsistent_stats: 0.

CodeHeap 'non-profiled nmethods': size=120000Kb used=974Kb max_used=974Kb free=119025Kb
 bounds [0x000001ef87ad0000, 0x000001ef87d40000, 0x000001ef8f000000]
CodeHeap 'profiled nmethods': size=120000Kb used=5111Kb max_used=5111Kb free=114888Kb
 bounds [0x000001ef80000000, 0x000001ef80500000, 0x000001ef87530000]
CodeHeap 'non-nmethods': size=5760Kb used=1607Kb max_used=1623Kb free=4153Kb
 bounds [0x000001ef87530000, 0x000001ef877a0000, 0x000001ef87ad0000]
 total_blobs=3077 nmethods=2563 adapters=424
 compilation: enabled
              stopped_count=0, restarted_count=0
 full_count=0

Compilation events (20 events):
Event: 4.210 Thread 0x000001effb61e5e0 2507       3       java.util.ArrayList::addAll (76 bytes)
Event: 4.210 Thread 0x000001effb61e5e0 nmethod 2507 0x000001ef804de390 code [0x000001ef804de560, 0x000001ef804de9f8]
Event: 4.210 Thread 0x000001effb61e5e0 2508       1       sun.security.util.KnownOIDs::value (5 bytes)
Event: 4.210 Thread 0x000001effb61e5e0 nmethod 2508 0x000001ef87bc1290 code [0x000001ef87bc1400, 0x000001ef87bc14c8]
Event: 4.210 Thread 0x000001effb61e5e0 2509       3       java.lang.WeakPairMap$Pair::hashCode (10 bytes)
Event: 4.211 Thread 0x000001effb61e5e0 nmethod 2509 0x000001ef804deb90 code [0x000001ef804ded20, 0x000001ef804dee60]
Event: 4.211 Thread 0x000001effb61e5e0 2510       3       java.util.HashMap::afterNodeAccess (1 bytes)
Event: 4.211 Thread 0x000001effb61e5e0 nmethod 2510 0x000001ef804def10 code [0x000001ef804df0a0, 0x000001ef804df1b0]
Event: 4.211 Thread 0x000001effb61e5e0 2511       3       java.lang.Integer::hashCode (8 bytes)
Event: 4.211 Thread 0x000001effb61e5e0 nmethod 2511 0x000001ef804df210 code [0x000001ef804df3a0, 0x000001ef804df508]
Event: 4.211 Thread 0x000001effb61e5e0 2512       3       java.lang.Integer::hashCode (2 bytes)
Event: 4.211 Thread 0x000001effb61e5e0 nmethod 2512 0x000001ef804df590 code [0x000001ef804df720, 0x000001ef804df810]
Event: 4.211 Thread 0x000001effb61e5e0 2513       3       java.util.StringJoiner::<init> (63 bytes)
Event: 4.218 Thread 0x000001effb61e5e0 nmethod 2513 0x000001ef804df890 code [0x000001ef804dfac0, 0x000001ef804e0400]
Event: 4.218 Thread 0x000001effb61e5e0 2516       3       java.util.StringJoiner::checkAddLength (50 bytes)
Event: 4.218 Thread 0x000001effb61e5e0 nmethod 2516 0x000001ef804e0710 code [0x000001ef804e08e0, 0x000001ef804e0cf0]
Event: 4.218 Thread 0x000001effb61e5e0 2514       3       java.util.StringJoiner::toString (53 bytes)
Event: 4.218 Thread 0x000001effb61e5e0 nmethod 2514 0x000001ef804e0f10 code [0x000001ef804e10c0, 0x000001ef804e12d8]
Event: 4.218 Thread 0x000001effb61e5e0 2515       3       java.lang.System$2::join (11 bytes)
Event: 4.220 Thread 0x000001effb61e5e0 nmethod 2515 0x000001ef804e1390 code [0x000001ef804e16e0, 0x000001ef804e2c88]

GC Heap History (9 events):
Event: 1.709 GC heap before
{Heap before GC invocations=0 (full 0):
 garbage-first heap   total 63488K, used 13312K [0x00000000c3600000, 0x0000000100000000)
  region size 1024K, 13 young (13312K), 0 survivors (0K)
 Metaspace       used 3022K, committed 3136K, reserved 1114112K
  class space    used 326K, committed 384K, reserved 1048576K
}
Event: 1.714 GC heap after
{Heap after GC invocations=1 (full 0):
 garbage-first heap   total 63488K, used 6081K [0x00000000c3600000, 0x0000000100000000)
  region size 1024K, 2 young (2048K), 2 survivors (2048K)
 Metaspace       used 3022K, committed 3136K, reserved 1114112K
  class space    used 326K, committed 384K, reserved 1048576K
}
Event: 2.237 GC heap before
{Heap before GC invocations=1 (full 0):
 garbage-first heap   total 63488K, used 19393K [0x00000000c3600000, 0x0000000100000000)
  region size 1024K, 15 young (15360K), 2 survivors (2048K)
 Metaspace       used 6596K, committed 6784K, reserved 1114112K
  class space    used 806K, committed 896K, reserved 1048576K
}
Event: 2.242 GC heap after
{Heap after GC invocations=2 (full 0):
 garbage-first heap   total 63488K, used 7713K [0x00000000c3600000, 0x0000000100000000)
  region size 1024K, 2 young (2048K), 2 survivors (2048K)
 Metaspace       used 6596K, committed 6784K, reserved 1114112K
  class space    used 806K, committed 896K, reserved 1048576K
}
Event: 3.700 GC heap before
{Heap before GC invocations=2 (full 0):
 garbage-first heap   total 63488K, used 32289K [0x00000000c3600000, 0x0000000100000000)
  region size 1024K, 27 young (27648K), 2 survivors (2048K)
 Metaspace       used 13252K, committed 13568K, reserved 1114112K
  class space    used 1714K, committed 1856K, reserved 1048576K
}
Event: 3.707 GC heap after
{Heap after GC invocations=3 (full 0):
 garbage-first heap   total 63488K, used 9999K [0x00000000c3600000, 0x0000000100000000)
  region size 1024K, 4 young (4096K), 4 survivors (4096K)
 Metaspace       used 13252K, committed 13568K, reserved 1114112K
  class space    used 1714K, committed 1856K, reserved 1048576K
}
Event: 4.211 GC heap before
{Heap before GC invocations=3 (full 0):
 garbage-first heap   total 63488K, used 42767K [0x00000000c3600000, 0x0000000100000000)
  region size 1024K, 37 young (37888K), 4 survivors (4096K)
 Metaspace       used 21196K, committed 21504K, reserved 1114112K
  class space    used 2672K, committed 2816K, reserved 1048576K
}
Event: 4.218 GC heap after
{Heap after GC invocations=4 (full 0):
 garbage-first heap   total 63488K, used 12951K [0x00000000c3600000, 0x0000000100000000)
  region size 1024K, 5 young (5120K), 5 survivors (5120K)
 Metaspace       used 21196K, committed 21504K, reserved 1114112K
  class space    used 2672K, committed 2816K, reserved 1048576K
}
Event: 4.220 GC heap before
{Heap before GC invocations=4 (full 0):
 garbage-first heap   total 63488K, used 12951K [0x00000000c3600000, 0x0000000100000000)
  region size 1024K, 6 young (6144K), 5 survivors (5120K)
 Metaspace       used 21206K, committed 21504K, reserved 1114112K
  class space    used 2673K, committed 2816K, reserved 1048576K
}

Dll operation events (10 events):
Event: 0.012 Loaded shared library C:\Program Files\Java\jdk-20\bin\java.dll
Event: 0.041 Loaded shared library C:\Program Files\Java\jdk-20\bin\jsvml.dll
Event: 0.141 Loaded shared library C:\Program Files\Java\jdk-20\bin\zip.dll
Event: 0.156 Loaded shared library C:\Program Files\Java\jdk-20\bin\instrument.dll
Event: 0.165 Loaded shared library C:\Program Files\Java\jdk-20\bin\net.dll
Event: 0.167 Loaded shared library C:\Program Files\Java\jdk-20\bin\nio.dll
Event: 0.171 Loaded shared library C:\Program Files\Java\jdk-20\bin\zip.dll
Event: 0.187 Loaded shared library C:\Program Files\JetBrains\IntelliJ IDEA 2024.1\bin\breakgen64.dll
Event: 0.205 Loaded shared library C:\Program Files\Java\jdk-20\bin\extnet.dll
Event: 1.263 Loaded shared library C:\Program Files\Java\jdk-20\bin\jimage.dll

Deoptimization events (20 events):
Event: 4.138 Thread 0x000001effb60bf70 DEOPT PACKING pc=0x000001ef800accce sp=0x000000580e2fe460
Event: 4.138 Thread 0x000001effb60bf70 DEOPT UNPACKING pc=0x000001ef8759e462 sp=0x000000580e2fd948 mode 0
Event: 4.142 Thread 0x000001effb60bf70 Uncommon trap: trap_request=0xffffff45 fr.pc=0x000001ef87ba3ca0 relative=0x00000000000002e0
Event: 4.142 Thread 0x000001effb60bf70 Uncommon trap: reason=unstable_if action=reinterpret pc=0x000001ef87ba3ca0 method=java.util.LinkedHashMap.get(Ljava/lang/Object;)Ljava/lang/Object; @ 16 c2
Event: 4.142 Thread 0x000001effb60bf70 DEOPT PACKING pc=0x000001ef87ba3ca0 sp=0x000000580e2fe6a0
Event: 4.142 Thread 0x000001effb60bf70 DEOPT UNPACKING pc=0x000001ef8754d2a2 sp=0x000000580e2fe648 mode 2
Event: 4.165 Thread 0x000001effb60bf70 DEOPT PACKING pc=0x000001ef800aaa81 sp=0x000000580e2fdc70
Event: 4.165 Thread 0x000001effb60bf70 DEOPT UNPACKING pc=0x000001ef8759e462 sp=0x000000580e2fd160 mode 0
Event: 4.168 Thread 0x000001effb60bf70 Uncommon trap: trap_request=0xffffff45 fr.pc=0x000001ef87bb0da8 relative=0x0000000000000408
Event: 4.168 Thread 0x000001effb60bf70 Uncommon trap: reason=unstable_if action=reinterpret pc=0x000001ef87bb0da8 method=java.lang.String.<init>(Ljava/lang/AbstractStringBuilder;Ljava/lang/Void;)V @ 19 c2
Event: 4.168 Thread 0x000001effb60bf70 DEOPT PACKING pc=0x000001ef87bb0da8 sp=0x000000580e2fdfd0
Event: 4.168 Thread 0x000001effb60bf70 DEOPT UNPACKING pc=0x000001ef8754d2a2 sp=0x000000580e2fdf80 mode 2
Event: 4.168 Thread 0x000001effb60bf70 DEOPT PACKING pc=0x000001ef800accce sp=0x000000580e2fe040
Event: 4.168 Thread 0x000001effb60bf70 DEOPT UNPACKING pc=0x000001ef8759e462 sp=0x000000580e2fd528 mode 0
Event: 4.168 Thread 0x000001effb60bf70 DEOPT PACKING pc=0x000001ef800aaa81 sp=0x000000580e2fe030
Event: 4.168 Thread 0x000001effb60bf70 DEOPT UNPACKING pc=0x000001ef8759e462 sp=0x000000580e2fd520 mode 0
Event: 4.171 Thread 0x000001effb60bf70 DEOPT PACKING pc=0x000001ef800accce sp=0x000000580e2fe220
Event: 4.171 Thread 0x000001effb60bf70 DEOPT UNPACKING pc=0x000001ef8759e462 sp=0x000000580e2fd708 mode 0
Event: 4.171 Thread 0x000001effb60bf70 DEOPT PACKING pc=0x000001ef800aaa81 sp=0x000000580e2fe210
Event: 4.171 Thread 0x000001effb60bf70 DEOPT UNPACKING pc=0x000001ef8759e462 sp=0x000000580e2fd700 mode 0

Classes loaded (20 events):
Event: 4.197 Loading class sun/security/rsa/SunRsaSignEntries
Event: 4.197 Loading class sun/security/rsa/SunRsaSignEntries done
Event: 4.198 Loading class sun/security/jca/ProviderConfig$3
Event: 4.198 Loading class sun/security/jca/ProviderConfig$3 done
Event: 4.198 Loading class sun/security/jca/ProviderConfig$ProviderLoader
Event: 4.198 Loading class sun/security/jca/ProviderConfig$ProviderLoader done
Event: 4.199 Loading class java/security/InvalidParameterException
Event: 4.200 Loading class java/security/InvalidParameterException done
Event: 4.200 Loading class java/security/ProviderException
Event: 4.200 Loading class java/security/ProviderException done
Event: 4.203 Loading class java/security/AuthProvider
Event: 4.203 Loading class java/security/AuthProvider done
Event: 4.203 Loading class java/security/PrivilegedActionException
Event: 4.204 Loading class java/security/PrivilegedActionException done
Event: 4.204 Loading class javax/security/auth/login/FailedLoginException
Event: 4.204 Loading class javax/security/auth/login/FailedLoginException done
Event: 4.205 Loading class javax/security/auth/Subject
Event: 4.205 Loading class javax/security/auth/Subject done
Event: 4.205 Loading class javax/security/auth/callback/CallbackHandler
Event: 4.206 Loading class javax/security/auth/callback/CallbackHandler done

Classes unloaded (0 events):
No events

Classes redefined (0 events):
No events

Internal exceptions (20 events):
Event: 3.252 Thread 0x000001efefbb4b80 Exception <a 'java/lang/NoSuchMethodError'{0x00000000c5e9b7f8}: 'java.lang.Object java.lang.invoke.DirectMethodHandle$Holder.newInvokeSpecial(java.lang.Object, java.lang.Object, java.lang.Object, java.lang.Object, java.lang.Object, java.lang.Object, int)'> (0x00000000c5e9b7f8) 
thrown [s\open\src\hotspot\share\interpreter\linkResolver.cpp, line 773]
Event: 3.253 Thread 0x000001efefbb4b80 Exception <a 'java/lang/NoSuchMethodError'{0x00000000c5ea0308}: 'java.lang.Object java.lang.invoke.DirectMethodHandle$Holder.invokeSpecial(java.lang.Object, java.lang.Object, java.lang.Object, java.lang.Object, java.lang.Object, java.lang.Object, java.lang.Object, int)'> (0x00000000c5ea0308) 
thrown [s\open\src\hotspot\share\interpreter\linkResolver.cpp, line 773]
Event: 3.305 Thread 0x000001efefbb4b80 Exception <a 'java/lang/NoSuchMethodError'{0x00000000c5dd3350}: 'void java.lang.invoke.DirectMethodHandle$Holder.invokeStatic(java.lang.Object, java.lang.Object, java.lang.Object, java.lang.Object, java.lang.Object, java.lang.Object)'> (0x00000000c5dd3350) 
thrown [s\open\src\hotspot\share\interpreter\linkResolver.cpp, line 773]
Event: 3.348 Thread 0x000001efefbb4b80 Implicit null exception at 0x000001ef87b8b42a to 0x000001ef87b8b5e8
Event: 3.351 Thread 0x000001efefbb4b80 Exception <a 'java/lang/NoSuchMethodError'{0x00000000c5ca2128}: 'java.lang.Object java.lang.invoke.DirectMethodHandle$Holder.invokeSpecial(java.lang.Object, java.lang.Object, java.lang.Object, int, java.lang.Object)'> (0x00000000c5ca2128) 
thrown [s\open\src\hotspot\share\interpreter\linkResolver.cpp, line 773]
Event: 3.351 Thread 0x000001efefbb4b80 Exception <a 'java/lang/NoSuchMethodError'{0x00000000c5caa4f8}: 'java.lang.Object java.lang.invoke.DirectMethodHandle$Holder.newInvokeSpecial(java.lang.Object, java.lang.Object, java.lang.Object, int, java.lang.Object)'> (0x00000000c5caa4f8) 
thrown [s\open\src\hotspot\share\interpreter\linkResolver.cpp, line 773]
Event: 3.351 Thread 0x000001efefbb4b80 Exception <a 'java/lang/NoSuchMethodError'{0x00000000c5cb1b40}: 'java.lang.Object java.lang.invoke.Invokers$Holder.linkToTargetMethod(java.lang.Object, java.lang.Object, int, java.lang.Object, java.lang.Object)'> (0x00000000c5cb1b40) 
thrown [s\open\src\hotspot\share\interpreter\linkResolver.cpp, line 773]
Event: 3.353 Thread 0x000001efefbb4b80 Exception <a 'java/lang/NoSuchMethodError'{0x00000000c5cc04e0}: 'java.lang.Object java.lang.invoke.DirectMethodHandle$Holder.newInvokeSpecial(java.lang.Object, int, java.lang.Object)'> (0x00000000c5cc04e0) 
thrown [s\open\src\hotspot\share\interpreter\linkResolver.cpp, line 773]
Event: 3.458 Thread 0x000001efefbb4b80 Exception <a 'java/lang/NoSuchMethodError'{0x00000000c5a66610}: 'java.lang.Object java.lang.invoke.DirectMethodHandle$Holder.invokeStatic(java.lang.Object, long, java.lang.Object)'> (0x00000000c5a66610) 
thrown [s\open\src\hotspot\share\interpreter\linkResolver.cpp, line 773]
Event: 3.458 Thread 0x000001efefbb4b80 Exception <a 'java/lang/NoSuchMethodError'{0x00000000c5a6a1c8}: 'java.lang.Object java.lang.invoke.DirectMethodHandle$Holder.invokeStaticInit(java.lang.Object, long, java.lang.Object)'> (0x00000000c5a6a1c8) 
thrown [s\open\src\hotspot\share\interpreter\linkResolver.cpp, line 773]
Event: 3.459 Thread 0x000001efefbb4b80 Exception <a 'java/lang/NoSuchMethodError'{0x00000000c5a70488}: 'java.lang.Object java.lang.invoke.DirectMethodHandle$Holder.newInvokeSpecial(java.lang.Object, long)'> (0x00000000c5a70488) 
thrown [s\open\src\hotspot\share\interpreter\linkResolver.cpp, line 773]
Event: 3.720 Thread 0x000001efefbb4b80 Exception <a 'java/lang/IncompatibleClassChangeError'{0x00000000c732d6c8}: Found class java.lang.Object, but interface was expected> (0x00000000c732d6c8) 
thrown [s\open\src\hotspot\share\interpreter\linkResolver.cpp, line 840]
Event: 3.721 Thread 0x000001effb60bf70 Exception <a 'java/lang/NoClassDefFoundError'{0x00000000c73a05e8}: jakarta/validation/Validation> (0x00000000c73a05e8) 
thrown [s\open\src\hotspot\share\classfile\systemDictionary.cpp, line 294]
Event: 3.733 Thread 0x000001efefbb4b80 Exception <a 'java/lang/NoSuchMethodError'{0x00000000c734bad8}: 'java.lang.Object java.lang.invoke.DirectMethodHandle$Holder.invokeStatic(java.lang.Object, int, java.lang.Object)'> (0x00000000c734bad8) 
thrown [s\open\src\hotspot\share\interpreter\linkResolver.cpp, line 773]
Event: 3.734 Thread 0x000001efefbb4b80 Exception <a 'java/lang/NoSuchMethodError'{0x00000000c734f688}: 'java.lang.Object java.lang.invoke.DirectMethodHandle$Holder.invokeStaticInit(java.lang.Object, int, java.lang.Object)'> (0x00000000c734f688) 
thrown [s\open\src\hotspot\share\interpreter\linkResolver.cpp, line 773]
Event: 4.104 Thread 0x000001effb60bf70 Exception <a 'java/lang/NoSuchMethodError'{0x00000000c5493710}: 'long java.lang.invoke.DirectMethodHandle$Holder.invokeStatic(java.lang.Object, java.lang.Object)'> (0x00000000c5493710) 
thrown [s\open\src\hotspot\share\interpreter\linkResolver.cpp, line 773]
Event: 4.104 Thread 0x000001effb60bf70 Exception <a 'java/lang/NoSuchMethodError'{0x00000000c5496a78}: 'long java.lang.invoke.DirectMethodHandle$Holder.invokeStaticInit(java.lang.Object, java.lang.Object)'> (0x00000000c5496a78) 
thrown [s\open\src\hotspot\share\interpreter\linkResolver.cpp, line 773]
Event: 4.106 Thread 0x000001effb60bf70 Exception <a 'java/lang/NoSuchMethodError'{0x00000000c54a46d8}: 'long java.lang.invoke.DirectMethodHandle$Holder.invokeInterface(java.lang.Object, java.lang.Object)'> (0x00000000c54a46d8) 
thrown [s\open\src\hotspot\share\interpreter\linkResolver.cpp, line 773]
Event: 4.106 Thread 0x000001effb60bf70 Exception <a 'java/lang/IncompatibleClassChangeError'{0x00000000c54a7988}: Found class java.lang.Object, but interface was expected> (0x00000000c54a7988) 
thrown [s\open\src\hotspot\share\interpreter\linkResolver.cpp, line 840]
Event: 4.119 Thread 0x000001effb60bf70 Exception <a 'java/lang/NoSuchMethodError'{0x00000000c53e6b50}: 'java.lang.Object java.lang.invoke.DirectMethodHandle$Holder.invokeVirtual(java.lang.Object, java.lang.Object, java.lang.Object, java.lang.Object)'> (0x00000000c53e6b50) 
thrown [s\open\src\hotspot\share\interpreter\linkResolver.cpp, line 773]

VM Operations (20 events):
Event: 3.257 Executing VM operation: ICBufferFull done
Event: 3.314 Executing VM operation: HandshakeAllThreads
Event: 3.314 Executing VM operation: HandshakeAllThreads done
Event: 3.694 Executing VM operation: HandshakeAllThreads
Event: 3.694 Executing VM operation: HandshakeAllThreads done
Event: 3.700 Executing VM operation: G1CollectForAllocation
Event: 3.707 Executing VM operation: G1CollectForAllocation done
Event: 3.874 Executing VM operation: HandshakeAllThreads
Event: 3.874 Executing VM operation: HandshakeAllThreads done
Event: 3.878 Executing VM operation: HandshakeAllThreads
Event: 3.878 Executing VM operation: HandshakeAllThreads done
Event: 3.945 Executing VM operation: HandshakeAllThreads
Event: 3.945 Executing VM operation: HandshakeAllThreads done
Event: 4.177 Executing VM operation: HandshakeAllThreads
Event: 4.177 Executing VM operation: HandshakeAllThreads done
Event: 4.210 Executing VM operation: ICBufferFull
Event: 4.210 Executing VM operation: ICBufferFull done
Event: 4.211 Executing VM operation: G1CollectForAllocation
Event: 4.218 Executing VM operation: G1CollectForAllocation done
Event: 4.220 Executing VM operation: CollectForMetadataAllocation

Events (15 events):
Event: 0.041 Thread 0x000001efefbb4b80 Thread added: 0x000001efefbb4b80
Event: 0.054 Thread 0x000001effb600530 Thread added: 0x000001effb600530
Event: 0.054 Thread 0x000001effb6015c0 Thread added: 0x000001effb6015c0
Event: 0.054 Thread 0x000001effb6040e0 Thread added: 0x000001effb6040e0
Event: 0.054 Thread 0x000001effb605ec0 Thread added: 0x000001effb605ec0
Event: 0.054 Thread 0x000001effb60aa30 Thread added: 0x000001effb60aa30
Event: 0.054 Thread 0x000001effb608a50 Thread added: 0x000001effb608a50
Event: 0.054 Thread 0x000001effb613020 Thread added: 0x000001effb613020
Event: 0.054 Thread 0x000001effb61e5e0 Thread added: 0x000001effb61e5e0
Event: 0.123 Thread 0x000001effb60af80 Thread added: 0x000001effb60af80
Event: 0.188 Thread 0x000001effb608fa0 Thread added: 0x000001effb608fa0
Event: 0.188 Thread 0x000001effb609f90 Thread added: 0x000001effb609f90
Event: 3.718 Thread 0x000001effb60bf70 Thread added: 0x000001effb60bf70
Event: 4.044 Thread 0x000001effb60a4e0 Thread added: 0x000001effb60a4e0
Event: 4.076 Thread 0x000001effb60a4e0 Thread exited: 0x000001effb60a4e0


Dynamic libraries:
0x00007ff6d26a0000 - 0x00007ff6d26b0000 	C:\Program Files\Java\jdk-20\bin\java.exe
0x00007ffce5a10000 - 0x00007ffce5c26000 	C:\Windows\SYSTEM32\ntdll.dll
0x00007ffce46c0000 - 0x00007ffce4784000 	C:\Windows\System32\KERNEL32.DLL
0x00007ffce2ee0000 - 0x00007ffce3286000 	C:\Windows\System32\KERNELBASE.dll
0x00007ffce34a0000 - 0x00007ffce35b1000 	C:\Windows\System32\ucrtbase.dll
0x00007ffcd2a70000 - 0x00007ffcd2a8b000 	C:\Program Files\Java\jdk-20\bin\VCRUNTIME140.dll
0x00007ffcd9080000 - 0x00007ffcd9099000 	C:\Program Files\Java\jdk-20\bin\jli.dll
0x00007ffce44a0000 - 0x00007ffce4552000 	C:\Windows\System32\ADVAPI32.dll
0x00007ffce3dd0000 - 0x00007ffce3e77000 	C:\Windows\System32\msvcrt.dll
0x00007ffce4ed0000 - 0x00007ffce4f78000 	C:\Windows\System32\sechost.dll
0x00007ffce2e80000 - 0x00007ffce2ea8000 	C:\Windows\System32\bcrypt.dll
0x00007ffce3810000 - 0x00007ffce3925000 	C:\Windows\System32\RPCRT4.dll
0x00007ffce3950000 - 0x00007ffce3afd000 	C:\Windows\System32\USER32.dll
0x00007ffce2eb0000 - 0x00007ffce2ed6000 	C:\Windows\System32\win32u.dll
0x00007ffce3b00000 - 0x00007ffce3b29000 	C:\Windows\System32\GDI32.dll
0x00007ffce3640000 - 0x00007ffce3758000 	C:\Windows\System32\gdi32full.dll
0x00007ffce3400000 - 0x00007ffce349a000 	C:\Windows\System32\msvcp_win.dll
0x00007ffce1f80000 - 0x00007ffce2213000 	C:\Windows\WinSxS\amd64_microsoft.windows.common-controls_6595b64144ccf1df_6.0.22621.3235_none_270f74e173860f98\COMCTL32.dll
0x00007ffcd3dc0000 - 0x00007ffcd3dca000 	C:\Windows\SYSTEM32\VERSION.dll
0x00007ffce4680000 - 0x00007ffce46b1000 	C:\Windows\System32\IMM32.DLL
0x00007ffcd4010000 - 0x00007ffcd401c000 	C:\Program Files\Java\jdk-20\bin\vcruntime140_1.dll
0x00007ffc86dc0000 - 0x00007ffc86e4e000 	C:\Program Files\Java\jdk-20\bin\msvcp140.dll
0x00007ffc57950000 - 0x00007ffc585e8000 	C:\Program Files\Java\jdk-20\bin\server\jvm.dll
0x00007ffcd47a0000 - 0x00007ffcd47d4000 	C:\Windows\SYSTEM32\WINMM.dll
0x00007ffcc3c60000 - 0x00007ffcc3c69000 	C:\Windows\SYSTEM32\WSOCK32.dll
0x00007ffce5950000 - 0x00007ffce59c1000 	C:\Windows\System32\ws2_32.DLL
0x00007ffce1550000 - 0x00007ffce1568000 	C:\Windows\SYSTEM32\kernel.appcore.dll
0x00007ffcd2bc0000 - 0x00007ffcd2bca000 	C:\Program Files\Java\jdk-20\bin\jimage.dll
0x00007ffce2790000 - 0x00007ffce29c3000 	C:\Windows\SYSTEM32\DBGHELP.DLL
0x00007ffce4920000 - 0x00007ffce4ca8000 	C:\Windows\System32\combase.dll
0x00007ffce4df0000 - 0x00007ffce4ec7000 	C:\Windows\System32\OLEAUT32.dll
0x00007ffce2540000 - 0x00007ffce2572000 	C:\Windows\SYSTEM32\dbgcore.DLL
0x00007ffce35c0000 - 0x00007ffce363a000 	C:\Windows\System32\bcryptPrimitives.dll
0x00007ffcd1dc0000 - 0x00007ffcd1dce000 	C:\Program Files\Java\jdk-20\bin\instrument.dll
0x00007ffccba10000 - 0x00007ffccba36000 	C:\Program Files\Java\jdk-20\bin\java.dll
0x00007ffc8c3f0000 - 0x00007ffc8c4c7000 	C:\Program Files\Java\jdk-20\bin\jsvml.dll
0x00007ffce4ff0000 - 0x00007ffce584d000 	C:\Windows\System32\SHELL32.dll
0x00007ffce0290000 - 0x00007ffce0b88000 	C:\Windows\SYSTEM32\windows.storage.dll
0x00007ffce0150000 - 0x00007ffce028e000 	C:\Windows\SYSTEM32\wintypes.dll
0x00007ffce4580000 - 0x00007ffce4673000 	C:\Windows\System32\SHCORE.dll
0x00007ffce4f90000 - 0x00007ffce4fee000 	C:\Windows\System32\shlwapi.dll
0x00007ffce2c80000 - 0x00007ffce2ca6000 	C:\Windows\SYSTEM32\profapi.dll
0x00007ffcca3c0000 - 0x00007ffcca3d8000 	C:\Program Files\Java\jdk-20\bin\zip.dll
0x00007ffcd1af0000 - 0x00007ffcd1b03000 	C:\Program Files\Java\jdk-20\bin\net.dll
0x00007ffcd6e40000 - 0x00007ffcd6f77000 	C:\Windows\SYSTEM32\WINHTTP.dll
0x00007ffce1990000 - 0x00007ffce19f9000 	C:\Windows\system32\mswsock.dll
0x00007ffccb9a0000 - 0x00007ffccb9b6000 	C:\Program Files\Java\jdk-20\bin\nio.dll
0x00007ffcd1da0000 - 0x00007ffcd1dba000 	C:\Program Files\JetBrains\IntelliJ IDEA 2024.1\bin\breakgen64.dll
0x00007ffcd28e0000 - 0x00007ffcd28e7000 	C:\Program Files\Java\jdk-20\bin\extnet.dll
0x00007ffccb920000 - 0x00007ffccb92e000 	C:\Program Files\Java\jdk-20\bin\sunmscapi.dll
0x00007ffce3290000 - 0x00007ffce33f6000 	C:\Windows\System32\CRYPT32.dll
0x00007ffce2220000 - 0x00007ffce224e000 	C:\Windows\SYSTEM32\ncrypt.dll
0x00007ffce1f40000 - 0x00007ffce1f77000 	C:\Windows\SYSTEM32\NTASN1.dll

dbghelp: loaded successfully - version: 4.0.5 - missing functions: none
symbol engine: initialized successfully - sym options: 0x614 - pdb path: .;C:\Program Files\Java\jdk-20\bin;C:\Windows\SYSTEM32;C:\Windows\WinSxS\amd64_microsoft.windows.common-controls_6595b64144ccf1df_6.0.22621.3235_none_270f74e173860f98;C:\Program Files\Java\jdk-20\bin\server;C:\Program Files\JetBrains\IntelliJ IDEA 2024.1\bin

VM Arguments:
jvm_args: -ea -Didea.test.cyclic.buffer.size=1048576 -javaagent:C:\Program Files\JetBrains\IntelliJ IDEA 2024.1\lib\idea_rt.jar=61285:C:\Program Files\JetBrains\IntelliJ IDEA 2024.1\bin -Dfile.encoding=UTF-8 -Dsun.stdout.encoding=UTF-8 -Dsun.stderr.encoding=UTF-8 
java_command: com.intellij.rt.junit.JUnitStarter -ideVersion5 -junit5 @w@C:\Users\mbeng\AppData\Local\Temp\idea_working_dirs_junit.tmp @C:\Users\mbeng\AppData\Local\Temp\idea_junit.tmp -socket61284
java_class_path (initial): C:\Users\mbeng\.m2\repository\org\junit\platform\junit-platform-launcher\1.10.2\junit-platform-launcher-1.10.2.jar;C:\Program Files\JetBrains\IntelliJ IDEA 2024.1\lib\idea_rt.jar;C:\Program Files\JetBrains\IntelliJ IDEA 2024.1\plugins\junit\lib\junit5-rt.jar;C:\Program Files\JetBrains\IntelliJ IDEA 2024.1\plugins\junit\lib\junit-rt.jar;C:\Users\mbeng\LibraryManager\target\test-classes;C:\Users\mbeng\LibraryManager\target\classes;C:\Users\mbeng\.m2\repository\org\springframework\boot\spring-boot-starter-data-jpa\3.2.4\spring-boot-starter-data-jpa-3.2.4.jar;C:\Users\mbeng\.m2\repository\org\springframework\boot\spring-boot-starter-aop\3.2.4\spring-boot-starter-aop-3.2.4.jar;C:\Users\mbeng\.m2\repository\org\springframework\spring-aop\6.1.5\spring-aop-6.1.5.jar;C:\Users\mbeng\.m2\repository\org\aspectj\aspectjweaver\1.9.21\aspectjweaver-1.9.21.jar;C:\Users\mbeng\.m2\repository\org\springframework\boot\spring-boot-starter-jdbc\3.2.4\spring-boot-starter-jdbc-3.2.4.jar;C:\Users\mbeng\.m2\repository\com\zaxxer\HikariCP\5.0.1\HikariCP-5.0.1.jar;C:\Users\mbeng\.m2\repository\org\springframework\spring-jdbc\6.1.5\spring-jdbc-6.1.5.jar;C:\Users\mbeng\.m2\repository\org\hibernate\orm\hibernate-core\6.4.4.Final\hibernate-core-6.4.4.Final.jar;C:\Users\mbeng\.m2\repository\jakarta\persistence\jakarta.persistence-api\3.1.0\jakarta.persistence-api-3.1.0.jar;C:\Users\mbeng\.m2\repository\jakarta\transaction\jakarta.transaction-api\2.0.1\jakarta.transaction-api-2.0.1.jar;C:\Users\mbeng\.m2\repository\org\jboss\logging\jboss-logging\3.5.3.Final\jboss-logging-3.5.3.Final.jar;C:\Users\mbeng\.m2\repository\org\hibernate\common\hibernate-commons-annotations\6.0.6.Final\hibernate-commons-annotations-6.0.6.Final.jar;C:\Users\mbeng\.m2\repository\io\smallrye\jandex\3.1.2\jandex-3.1.2.jar;C:\Users\mbeng\.m2\repository\com\fasterxml\classmate\1.6.0\classmate-1.6.0.jar;C:\Users\mbeng\.m2\repository\net\bytebuddy\byte-buddy\1.14.12\byte-buddy-1.14.12.jar;C:\Users\mbeng\.m2\repository\org\glassfish\jaxb\jaxb-runtime\4.0.5\jaxb-runtime-4.0.5.jar;C:\Users\mbeng\.m2\repository\org\glassfish\jaxb\jaxb-core\4.0.5\jaxb-core-4.0.5.jar;C:\Users\mbeng\.m2\repository\org\eclipse\angus\angus-activation\2.0.2\angus-activation-2.0.2.jar;C:\Users\mbeng\.m2\repository\org\glassfish\jaxb\txw2\4.0.5\txw2-4.0.5.jar;C:\Users\mbeng\.m2\repository\com\sun\istack\istack-commons-runtime\4.1.2\istack-commons-runtime-4.1.2.jar;C:\Users\mbeng\.m2\repository\jakarta\inject\jakarta.inject-api\2.0.1\jakarta.inject-api-2.0.1.jar;C:\Users\mbeng\.m2\repository\org\antlr\antlr4-runtime\4.13.0\antlr4-runtime-4.13.0.jar;C:\Users\mbeng\.m2\repository\org\springframework\data\spring-data-jpa\3.2.4\spring-data-jpa-3.2.4.jar;C:\Users\mbeng\.m2\repository\org\springframework\data\spring-data-commons\3.2.4\spring-data-commons-3.2.4.jar;C:\Users\mbeng\.m2\repository\org\springframework\spring-orm\6.1.5\spring-orm-6.1.5.jar;C:\Users\mbeng\.m2\repository\org\springframework\spring-context\6.1.5\spring-context-6.1.5.jar;C:\Users\mbeng\.m2\repository\org\springframework\spring-tx\6.1.5\spring-tx-6.1.5.jar;C:\Users\mbeng\.m2\repository\org\springframework\spring-beans\6.1.5\spring-beans-6.1.5.jar;C:\Users\mbeng\.m2\repository\jakarta\annotation\jakarta.annotation-api\2.1.1\jakarta.annotation-api-2.1.1.jar;C:\Users\mbeng\.m2\repository\org\slf4j\slf4j-api\2.0.12\slf4j-api-2.0.12.jar;C:\Users\mbeng\.m2\repository\org\springframework\spring-aspects\6.1.5\spring-aspects-6.1.5.jar;C:\Users\mbeng\.m2\repository\org\springframework\boot\spring-boot-starter-thymeleaf\3.2.4\spring-boot-starter-thymeleaf-3.2.4.jar;C:\Users\mbeng\.m2\repository\org\springframework\boot\spring-boot-starter\3.2.4\spring-boot-starter-3.2.4.jar;C:\Users\mbeng\.m2\repository\org\springframework\boot\spring-boot\3.2.4\spring-boot-3.2.4.jar;C:\Users\mbeng\.m2\repository\org\springframework\boot\spring-boot-autoconfigure\3.2.4\spring-boot-autoconfigure-3.2.4.jar;C:\Users\mbeng\.m2\repository\org\springframework\boot\spring-boot-starter-logging\3.2.4\spring-boot-starter-logging-3.2.4.jar;C:\Users\mbeng\.m2\repository\ch\qos\logback\logback-classic\1.4.14\logback-classic-1.4.14.jar;C:\Users\mbeng\.m2\repository\ch\qos\logback\logback-core\1.4.14\logback-core-1.4.14.jar;C:\Users\mbeng\.m2\repository\org\apache\logging\log4j\log4j-to-slf4j\2.21.1\log4j-to-slf4j-2.21.1.jar;C:\Users\mbeng\.m2\repository\org\apache\logging\log4j\log4j-api\2.21.1\log4j-api-2.21.1.jar;C:\Users\mbeng\.m2\repository\org\slf4j\jul-to-slf4j\2.0.12\jul-to-slf4j-2.0.12.jar;C:\Users\mbeng\.m2\repository\org\yaml\snakeyaml\2.2\snakeyaml-2.2.jar;C:\Users\mbeng\.m2\repository\org\thymeleaf\thymeleaf-spring6\3.1.2.RELEASE\thymeleaf-spring6-3.1.2.RELEASE.jar;C:\Users\mbeng\.m2\repository\org\thymeleaf\thymeleaf\3.1.2.RELEASE\thymeleaf-3.1.2.RELEASE.jar;C:\Users\mbeng\.m2\repository\org\attoparser\attoparser\2.0.7.RELEASE\attoparser-2.0.7.RELEASE.jar;C:\Users\mbeng\.m2\repository\org\unbescape\unbescape\1.1.6.RELEASE\unbescape-1.1.6.RELEASE.jar;C:\Users\mbeng\.m2\repository\org\springframework\boot\spring-boot-starter-web\3.2.4\spring-boot-starter-web-3.2.4.jar;C:\Users\mbeng\.m2\repository\org\springframework\boot\spring-boot-starter-json\3.2.4\spring-boot-starter-json-3.2.4.jar;C:\Users\mbeng\.m2\repository\com\fasterxml\jackson\core\jackson-databind\2.15.4\jackson-databind-2.15.4.jar;C:\Users\mbeng\.m2\repository\com\fasterxml\jackson\core\jackson-annotations\2.15.4\jackson-annotations-2.15.4.jar;C:\Users\mbeng\.m2\repository\com\fasterxml\jackson\core\jackson-core\2.15.4\jackson-core-2.15.4.jar;C:\Users\mbeng\.m2\repository\com\fasterxml\jackson\datatype\jackson-datatype-jdk8\2.15.4\jackson-datatype-jdk8-2.15.4.jar;C:\Users\mbeng\.m2\repository\com\fasterxml\jackson\datatype\jackson-datatype-jsr310\2.15.4\jackson-datatype-jsr310-2.15.4.jar;C:\Users\mbeng\.m2\repository\com\fasterxml\jackson\module\jackson-module-parameter-names\2.15.4\jackson-module-parameter-names-2.15.4.jar;C:\Users\mbeng\.m2\repository\org\springframework\boot\spring-boot-starter-tomcat\3.2.4\spring-boot-starter-tomcat-3.2.4.jar;C:\Users\mbeng\.m2\repository\org\apache\tomcat\embed\tomcat-embed-core\10.1.19\tomcat-embed-core-10.1.19.jar;C:\Users\mbeng\.m2\repository\org\apache\tomcat\embed\tomcat-embed-el\10.1.19\tomcat-embed-el-10.1.19.jar;C:\Users\mbeng\.m2\repository\org\apache\tomcat\embed\tomcat-embed-websocket\10.1.19\tomcat-embed-websocket-10.1.19.jar;C:\Users\mbeng\.m2\repository\org\springframework\spring-web\6.1.5\spring-web-6.1.5.jar;C:\Users\mbeng\.m2\repository\io\micrometer\micrometer-observation\1.12.4\micrometer-observation-1.12.4.jar;C:\Users\mbeng\.m2\repository\io\micrometer\micrometer-commons\1.12.4\micrometer-commons-1.12.4.jar;C:\Users\mbeng\.m2\repository\org\springframework\spring-webmvc\6.1.5\spring-webmvc-6.1.5.jar;C:\Users\mbeng\.m2\repository\org\springframework\spring-expression\6.1.5\spring-expression-6.1.5.jar;C:\Users\mbeng\.m2\repository\org\postgresql\postgresql\42.6.2\postgresql-42.6.2.jar;C:\Users\mbeng\.m2\repository\org\checkerframework\checker-qual\3.31.0\checker-qual-3.31.0.jar;C:\Users\mbeng\.m2\repository\org\springframework\boot\spring-boot-starter-test\3.2.4\spring-boot-starter-test-3.2.4.jar;C:\Users\mbeng\.m2\repository\org\springframework\boot\spring-boot-test\3.2.4\spring-boot-test-3.2.4.jar;C:\Users\mbeng\.m2\repository\org\springframework\boot\spring-boot-test-autoconfigure\3.2.4\spring-boot-test-autoconfigure-3.2.4.jar;C:\Users\mbeng\.m2\repository\com\jayway\jsonpath\json-path\2.9.0\json-path-2.9.0.jar;C:\Users\mbeng\.m2\repository\jakarta\xml\bind\jakarta.xml.bind-api\4.0.2\jakarta.xml.bind-api-4.0.2.jar;C:\Users\mbeng\.m2\repository\jakarta\activation\jakarta.activation-api\2.1.3\jakarta.activation-api-2.1.3.jar;C:\Users\mbeng\.m2\repository\net\minidev\json-smart\2.5.0\json-smart-2.5.0.jar;C:\Users\mbeng\.m2\repository\net\minidev\accessors-smart\2.5.0\accessors-smart-2.5.0.jar;C:\Users\mbeng\.m2\repository\org\ow2\asm\asm\9.3\asm-9.3.jar;C:\Users\mbeng\.m2\repository\org\assertj\assertj-core\3.24.2\assertj-core-3.24.2.jar;C:\Users\mbeng\.m2\repository\org\awaitility\awaitility\4.2.0\awaitility-4.2.0.jar;C:\Users\mbeng\.m2\repository\org\hamcrest\hamcrest\2.2\hamcrest-2.2.jar;C:\Users\mbeng\.m2\repository\org\junit\jupiter\junit-jupiter\5.10.2\junit-jupiter-5.10.2.jar;C:\Users\mbeng\.m2\repository\org\junit\jupiter\junit-jupiter-api\5.10.2\junit-jupiter-api-5.10.2.jar;C:\Users\mbeng\.m2\repository\org\opentest4j\opentest4j\1.3.0\opentest4j-1.3.0.jar;C:\Users\mbeng\.m2\repository\org\junit\platform\junit-platform-commons\1.10.2\junit-platform-commons-1.10.2.jar;C:\Users\mbeng\.m2\repository\org\apiguardian\apiguardian-api\1.1.2\apiguardian-api-1.1.2.jar;C:\Users\mbeng\.m2\repository\org\junit\jupiter\junit-jupiter-params\5.10.2\junit-jupiter-params-5.10.2.jar;C:\Users\mbeng\.m2\repository\org\junit\jupiter\junit-jupiter-engine\5.10.2\junit-jupiter-engine-5.10.2.jar;C:\Users\mbeng\.m2\repository\org\junit\platform\junit-platform-engine\1.10.2\junit-platform-engine-1.10.2.jar;C:\Users\mbeng\.m2\repository\org\mockito\mockito-core\5.7.0\mockito-core-5.7.0.jar;C:\Users\mbeng\.m2\repository\net\bytebuddy\byte-buddy-agent\1.14.12\byte-buddy-agent-1.14.12.jar;C:\Users\mbeng\.m2\repository\org\objenesis\objenesis\3.3\objenesis-3.3.jar;C:\Users\mbeng\.m2\repository\org\mockito\mockito-junit-jupiter\5.7.0\mockito-junit-jupiter-5.7.0.jar;C:\Users\mbeng\.m2\repository\org\skyscreamer\jsonassert\1.5.1\jsonassert-1.5.1.jar;C:\Users\mbeng\.m2\repository\com\vaadin\external\google\android-json\0.0.20131108.vaadin1\android-json-0.0.20131108.vaadin1.jar;C:\Users\mbeng\.m2\repository\org\springframework\spring-core\6.1.5\spring-core-6.1.5.jar;C:\Users\mbeng\.m2\repository\org\springframework\spring-jcl\6.1.5\spring-jcl-6.1.5.jar;C:\Users\mbeng\.m2\repository\org\springframework\spring-test\6.1.5\spring-test-6.1.5.jar;C:\Users\mbeng\.m2\repository\org\xmlunit\xmlunit-core\2.9.1\xmlunit-core-2.9.1.jar
Launcher Type: SUN_STANDARD

[Global flags]
     intx CICompilerCount                          = 3                                         {product} {ergonomic}
     uint ConcGCThreads                            = 1                                         {product} {ergonomic}
     uint G1ConcRefinementThreads                  = 4                                         {product} {ergonomic}
   size_t G1HeapRegionSize                         = 1048576                                   {product} {ergonomic}
    uintx GCDrainStackTargetSize                   = 64                                        {product} {ergonomic}
   size_t InitialHeapSize                          = 65011712                                  {product} {ergonomic}
   size_t MarkStackSize                            = 4194304                                   {product} {ergonomic}
   size_t MaxHeapSize                              = 1017118720                                {product} {ergonomic}
   size_t MaxNewSize                               = 610271232                                 {product} {ergonomic}
   size_t MinHeapDeltaBytes                        = 1048576                                   {product} {ergonomic}
   size_t MinHeapSize                              = 8388608                                   {product} {ergonomic}
    uintx NonNMethodCodeHeapSize                   = 5832780                                {pd product} {ergonomic}
    uintx NonProfiledCodeHeapSize                  = 122912730                              {pd product} {ergonomic}
    uintx ProfiledCodeHeapSize                     = 122912730                              {pd product} {ergonomic}
    uintx ReservedCodeCacheSize                    = 251658240                              {pd product} {ergonomic}
     bool SegmentedCodeCache                       = true                                      {product} {ergonomic}
   size_t SoftMaxHeapSize                          = 1017118720                             {manageable} {ergonomic}
     bool UseCompressedClassPointers               = true                           {product lp64_product} {ergonomic}
     bool UseCompressedOops                        = true                           {product lp64_product} {ergonomic}
     bool UseG1GC                                  = true                                      {product} {ergonomic}
     bool UseLargePagesIndividualAllocation        = false                                  {pd product} {ergonomic}

Logging:
Log output configuration:
 #0: stdout all=warning uptime,level,tags foldmultilines=false
 #1: stderr all=off uptime,level,tags foldmultilines=false

Environment Variables:
PATH=C:\oraclexe\app\oracle\product\10.2.0\server\bin;C:\oraclexe\app\oracle\product\11.2.0\server\bin;;C:\Program Files (x86)\Common Files\Intel\Shared Libraries\redist\intel64_win\compiler;C:\ProgramData\Oracle\Java\javapath;C:\Program Files\Common Files\Oracle\Java\javapath;C:\Windows\system32;C:\Windows;C:\Windows\System32\Wbem;C:\Windows\System32\WindowsPowerShell\v1.0\;C:\Windows\System32\OpenSSH\;C:\Program Files\Microsoft SQL Server\120\Tools\Binn\;C:\Users\mbeng\AppData\Local\Microsoft\WindowsApps;;C:\Users\mbeng\AppData\Local\Programs\Microsoft VS Code\bin
USERNAME=mbeng
OS=Windows_NT
PROCESSOR_IDENTIFIER=Intel64 Family 6 Model 140 Stepping 1, GenuineIntel
TMP=C:\Users\mbeng\AppData\Local\Temp
TEMP=C:\Users\mbeng\AppData\Local\Temp




---------------  S Y S T E M  ---------------

OS:
 Windows 11 , 64 bit Build 22621 (10.0.22621.3235)
OS uptime: 12 days 7:00 hours

CPU: total 4 (initial active 4) (2 cores per cpu, 2 threads per core) family 6 model 140 stepping 1 microcode 0xa4, cx8, cmov, fxsr, ht, mmx, 3dnowpref, sse, sse2, sse3, ssse3, sse4.1, sse4.2, popcnt, lzcnt, tsc, tscinvbit, avx, avx2, aes, erms, clmul, bmi1, bmi2, adx, avx512f, avx512dq, avx512cd, avx512bw, avx512vl, sha, fma, vzeroupper, avx512_vpopcntdq, avx512_vpclmulqdq, avx512_vaes, avx512_vnni, clflush, clflushopt, clwb, avx512_vbmi2, avx512_vbmi, rdtscp, rdpid, fsrm, gfni, avx512_bitalg, f16c, pku, cet_ibt, cet_ss, avx512_ifma

Memory: 4k page, system-wide physical 3879M (233M free)
TotalPageFile size 15655M (AvailPageFile size 16M)
current process WorkingSet (physical memory assigned to process): 134M, peak: 144M
current process commit charge ("private bytes"): 176M, peak: 190M

vm_info: Java HotSpot(TM) 64-Bit Server VM (20.0.2+9-78) for windows-amd64 JRE (20.0.2+9-78), built on 2023-06-14T10:08:48Z by "mach5one" with MS VC++ 17.1 (VS2022)

END.
